{"name": "test_019_04_heroku_ddt", "status": "broken", "statusDetails": {"message": "AttributeError: 'Workbook' object has no attribute 'get_sheet_by_nanme'", "trace": "self = <testcases.test_019_04_heroku_login_ddt.Test_019_04_heroku object at 0x00000257B44D04D0>\nsetup = <selenium.webdriver.chrome.webdriver.WebDriver (session=\"c67d27bde15ca51e8444c135673336d5\")>\n\n    def test_019_04_heroku_ddt(self, setup):\n    \n        self.driver=setup ;\n    \n        path=\"D:\\\\PYTHON CT15\\\\FINAL_REVISION\\\\testdata\\\\HEROKU_LOGIN.xlsx\"\n    \n        rows=XUTils.rowCount(path, 'Sheet1') ;\n    \n        for r in range (2, rows+1) :\n    \n            self.driver.get('https://the-internet.herokuapp.com/login') ;\n    \n            username=XUTils.readData(path, 'Sheet1', r, 1) ;\n            password=XUTils.readData(path, 'Sheet1', r, 2) ;\n    \n            self.driver.find_element(By.XPATH, '//input[@name=\"username\"]').send_keys(username) ;\n    \n            self.driver.find_element(By.XPATH, '//input[@type=\"password\"]').send_keys(password) ;\n    \n            self.driver.find_element(By.XPATH, '//i[contains(text(), \" Login\")]').click() ;\n    \n            try:\n    \n                self.driver.find_element(By.XPATH, '//i[@class=\"icon-2x icon-signout\"]') ;\n    \n                print(\"\\n*************TEST IS PASSED**************\") ;\n    \n                self.driver.save_screenshot('D:\\\\PYTHON CT15\\\\FINAL_REVISION\\\\screenshots\\\\test_019_04_heroku_pass.png') ;\n    \n>               XUTils.writeData(path, 'Sheet1', r, 3, \"PASSED\") ;\n\ntestcases\\test_019_04_heroku_login_ddt.py:37: \n_ _ _ _ _ _ _ _ _ _ _ _ _ _ _ _ _ _ _ _ _ _ _ _ _ _ _ _ _ _ _ _ _ _ _ _ _ _ _ _ _ _ _ _ _ _ _ _ _ _ _ _ _ _ _ _ _ _ _ _ _ _ _ _ \n\nfile = 'D:\\\\PYTHON CT15\\\\FINAL_REVISION\\\\testdata\\\\HEROKU_LOGIN.xlsx', sheetName = 'Sheet1', row = 2, column = 3, data = 'PASSED'\n\n    def writeData(file, sheetName, row, column, data) :\n        workbook=openpyxl.load_workbook(file) ;\n>       sheet=workbook.get_sheet_by_nanme(sheetName) ;\nE       AttributeError: 'Workbook' object has no attribute 'get_sheet_by_nanme'\n\nutilities\\XUTils.py:34: AttributeError\n\nDuring handling of the above exception, another exception occurred:\n\nself = <testcases.test_019_04_heroku_login_ddt.Test_019_04_heroku object at 0x00000257B44D04D0>\nsetup = <selenium.webdriver.chrome.webdriver.WebDriver (session=\"c67d27bde15ca51e8444c135673336d5\")>\n\n    def test_019_04_heroku_ddt(self, setup):\n    \n        self.driver=setup ;\n    \n        path=\"D:\\\\PYTHON CT15\\\\FINAL_REVISION\\\\testdata\\\\HEROKU_LOGIN.xlsx\"\n    \n        rows=XUTils.rowCount(path, 'Sheet1') ;\n    \n        for r in range (2, rows+1) :\n    \n            self.driver.get('https://the-internet.herokuapp.com/login') ;\n    \n            username=XUTils.readData(path, 'Sheet1', r, 1) ;\n            password=XUTils.readData(path, 'Sheet1', r, 2) ;\n    \n            self.driver.find_element(By.XPATH, '//input[@name=\"username\"]').send_keys(username) ;\n    \n            self.driver.find_element(By.XPATH, '//input[@type=\"password\"]').send_keys(password) ;\n    \n            self.driver.find_element(By.XPATH, '//i[contains(text(), \" Login\")]').click() ;\n    \n            try:\n    \n                self.driver.find_element(By.XPATH, '//i[@class=\"icon-2x icon-signout\"]') ;\n    \n                print(\"\\n*************TEST IS PASSED**************\") ;\n    \n                self.driver.save_screenshot('D:\\\\PYTHON CT15\\\\FINAL_REVISION\\\\screenshots\\\\test_019_04_heroku_pass.png') ;\n    \n                XUTils.writeData(path, 'Sheet1', r, 3, \"PASSED\") ;\n    \n                print1=self.driver.find_element(By.XPATH, '//h4[@class=\"subheader\"]').text ;\n                print(\"\\n***************TEXT AFTER LOGIN*************\") ;\n                print(\"\\n\",print1) ;\n    \n                self.driver.find_element(By.XPATH, '//i[@class=\"icon-2x icon-signout\"]').click() ;\n    \n            except:\n                self.driver.save_screenshot('D:\\\\PYTHON CT15\\\\FINAL_REVISION\\\\screenshots\\\\test_019_04_heroku_fail.png') ;\n    \n                print(\"\\n**************TEST IS FAILED*************\") ;\n    \n>               XUTils.writeData(path, 'Sheet1', r, 3, 'FAILED') ;\n\ntestcases\\test_019_04_heroku_login_ddt.py:50: \n_ _ _ _ _ _ _ _ _ _ _ _ _ _ _ _ _ _ _ _ _ _ _ _ _ _ _ _ _ _ _ _ _ _ _ _ _ _ _ _ _ _ _ _ _ _ _ _ _ _ _ _ _ _ _ _ _ _ _ _ _ _ _ _ \n\nfile = 'D:\\\\PYTHON CT15\\\\FINAL_REVISION\\\\testdata\\\\HEROKU_LOGIN.xlsx', sheetName = 'Sheet1', row = 2, column = 3, data = 'FAILED'\n\n    def writeData(file, sheetName, row, column, data) :\n        workbook=openpyxl.load_workbook(file) ;\n>       sheet=workbook.get_sheet_by_nanme(sheetName) ;\nE       AttributeError: 'Workbook' object has no attribute 'get_sheet_by_nanme'\n\nutilities\\XUTils.py:34: AttributeError"}, "start": 1709827391869, "stop": 1709827396787, "uuid": "5c6c5365-1363-4875-b875-08a8e89211c0", "historyId": "4a408c807147e3c92861615e7bb980c1", "testCaseId": "4a408c807147e3c92861615e7bb980c1", "fullName": "testcases.test_019_04_heroku_login_ddt.Test_019_04_heroku#test_019_04_heroku_ddt", "labels": [{"name": "parentSuite", "value": "testcases"}, {"name": "suite", "value": "test_019_04_heroku_login_ddt"}, {"name": "subSuite", "value": "Test_019_04_heroku"}, {"name": "host", "value": "DESKTOP-U7OANNR"}, {"name": "thread", "value": "8880-MainThread"}, {"name": "framework", "value": "pytest"}, {"name": "language", "value": "cpython3"}, {"name": "package", "value": "testcases.test_019_04_heroku_login_ddt"}]}